<?xml version="1.0" encoding="UTF-8"?>
<robot generator="Robot 6.1.1 (Python 3.11.5 on win32)" generated="20230826 16:47:24.512" rpa="false" schemaversion="4">
<suite id="s1" name="caseStudyTest" source="C:\Users\malik\PycharmProjects\QA_Case_Study\Tests\caseStudyTest.robot">
<test id="s1-t1" name="verify the same destinations can selected" line="9">
<kw name="create session" library="utilsApp" type="SETUP">
<kw name="Set Selenium Speed" library="SeleniumLibrary">
<arg>0.5 seconds</arg>
<doc>Sets the delay that is waited after each Selenium command.</doc>
<status status="PASS" starttime="20230826 16:47:25.018" endtime="20230826 16:47:25.018"/>
</kw>
<kw name="Open Browser" library="SeleniumLibrary">
<arg>about:blank</arg>
<arg>chrome</arg>
<doc>Opens a new browser instance to the optional ``url``.</doc>
<msg timestamp="20230826 16:47:25.019" level="INFO">Opening browser 'chrome' to base url 'about:blank'.</msg>
<status status="PASS" starttime="20230826 16:47:25.018" endtime="20230826 16:47:29.551"/>
</kw>
<kw name="Maximize Browser Window" library="SeleniumLibrary">
<doc>Maximizes current browser window.</doc>
<status status="PASS" starttime="20230826 16:47:29.551" endtime="20230826 16:47:30.174"/>
</kw>
<status status="PASS" starttime="20230826 16:47:25.018" endtime="20230826 16:47:30.174"/>
</kw>
<kw name="go to the homepage" library="caseStudyApp">
<kw name="go to the homepage" library="caseStudy">
<kw name="Go To" library="SeleniumLibrary">
<arg>${HOMEPAGE}</arg>
<doc>Navigates the current browser window to the provided ``url``.</doc>
<msg timestamp="20230826 16:47:30.175" level="INFO">Opening url 'https://flights-app.pages.dev/'</msg>
<status status="PASS" starttime="20230826 16:47:30.175" endtime="20230826 16:47:31.807"/>
</kw>
<status status="PASS" starttime="20230826 16:47:30.175" endtime="20230826 16:47:31.807"/>
</kw>
<kw name="check the homepage loads" library="caseStudy">
<kw name="compare" library="utils">
<arg>css=main &gt; p:nth-of-type(2)</arg>
<kw name="Wait Until Page Contains Element" library="SeleniumLibrary">
<arg>${SELECTOR}</arg>
<doc>Waits until the element ``locator`` appears on the current page.</doc>
<status status="PASS" starttime="20230826 16:47:31.808" endtime="20230826 16:47:32.327"/>
</kw>
<kw name="Get Text" library="SeleniumLibrary">
<var>${SELECTORTEXT}</var>
<arg>${SELECTOR}</arg>
<doc>Returns the text value of the element identified by ``locator``.</doc>
<msg timestamp="20230826 16:47:33.364" level="INFO">${SELECTORTEXT} = “From: Istanbul”, “To: Los Angeles” seçtiğinde iki adet uçuş listelendiğini görmelisin.</msg>
<status status="PASS" starttime="20230826 16:47:32.327" endtime="20230826 16:47:33.364"/>
</kw>
<kw name="Element Should Contain" library="SeleniumLibrary">
<arg>${SELECTOR}</arg>
<arg>${SELECTORTEXT}</arg>
<doc>Verifies that element ``locator`` contains text ``expected``.</doc>
<msg timestamp="20230826 16:47:34.391" level="INFO">Element 'css=main &gt; p:nth-of-type(2)' contains text '“From: Istanbul”, “To: Los Angeles” seçtiğinde iki adet uçuş listelendiğini görmelisin.'.</msg>
<status status="PASS" starttime="20230826 16:47:33.364" endtime="20230826 16:47:34.391"/>
</kw>
<status status="PASS" starttime="20230826 16:47:31.808" endtime="20230826 16:47:34.391"/>
</kw>
<status status="PASS" starttime="20230826 16:47:31.807" endtime="20230826 16:47:34.391"/>
</kw>
<status status="PASS" starttime="20230826 16:47:30.174" endtime="20230826 16:47:34.391"/>
</kw>
<kw name="select first destination as from" library="caseStudyApp">
<kw name="click from input" library="caseStudy">
<kw name="click" library="utils">
<arg>css=input#headlessui-combobox-input-\:Rq9lla\:</arg>
<kw name="Wait Until Page Contains Element" library="SeleniumLibrary">
<arg>${SELECTOR}</arg>
<arg>${TIMEOUT}</arg>
<doc>Waits until the element ``locator`` appears on the current page.</doc>
<msg timestamp="20230826 16:47:35.076" level="INFO" html="true">&lt;/td&gt;&lt;/tr&gt;&lt;tr&gt;&lt;td colspan="3"&gt;&lt;a href="selenium-screenshot-1.png"&gt;&lt;img src="selenium-screenshot-1.png" width="800px"&gt;&lt;/a&gt;</msg>
<msg timestamp="20230826 16:47:35.076" level="FAIL">InvalidSelectorException: Message: invalid selector: An invalid or illegal selector was specified
  (Session info: chrome=116.0.5845.111); For documentation on this error, please visit: https://www.selenium.dev/documentation/webdriver/troubleshooting/errors#invalid-selector-exception
Stacktrace:
	GetHandleVerifier [0x00007FF755E552A2+57122]
	(No symbol) [0x00007FF755DCEA92]
	(No symbol) [0x00007FF755C9E3AB]
	(No symbol) [0x00007FF755CA2382]
	(No symbol) [0x00007FF755CA3D2F]
	(No symbol) [0x00007FF755CA3E20]
	(No symbol) [0x00007FF755CD79B1]
	(No symbol) [0x00007FF755CD7E2C]
	(No symbol) [0x00007FF755D10B97]
	(No symbol) [0x00007FF755CF701F]
	(No symbol) [0x00007FF755D0EB82]
	(No symbol) [0x00007FF755CF6DB3]
	(No symbol) [0x00007FF755CCD2B1]
	(No symbol) [0x00007FF755CCE494]
	GetHandleVerifier [0x00007FF7560FEF82+2849794]
	GetHandleVerifier [0x00007FF756151D24+3189156]
	GetHandleVerifier [0x00007FF75614ACAF+3160367]
	GetHandleVerifier [0x00007FF755EE6D06+653702]
	(No symbol) [0x00007FF755DDA208]
	(No symbol) [0x00007FF755DD62C4]
	(No symbol) [0x00007FF755DD63F6]
	(No symbol) [0x00007FF755DC67A3]
	BaseThreadInitThunk [0x00007FFAD41D7614+20]
	RtlUserThreadStart [0x00007FFAD5EE26B1+33]
</msg>
<status status="FAIL" starttime="20230826 16:47:34.392" endtime="20230826 16:47:35.085"/>
</kw>
<kw name="Click Element" library="SeleniumLibrary">
<arg>${SELECTOR}</arg>
<doc>Click the element identified by ``locator``.</doc>
<status status="NOT RUN" starttime="20230826 16:47:35.085" endtime="20230826 16:47:35.085"/>
</kw>
<status status="FAIL" starttime="20230826 16:47:34.392" endtime="20230826 16:47:35.085"/>
</kw>
<status status="FAIL" starttime="20230826 16:47:34.392" endtime="20230826 16:47:35.085"/>
</kw>
<kw name="click first from destination" library="caseStudy">
<status status="NOT RUN" starttime="20230826 16:47:35.086" endtime="20230826 16:47:35.086"/>
</kw>
<status status="FAIL" starttime="20230826 16:47:34.392" endtime="20230826 16:47:35.086"/>
</kw>
<kw name="select first destination as to" library="caseStudyApp">
<status status="NOT RUN" starttime="20230826 16:47:35.086" endtime="20230826 16:47:35.086"/>
</kw>
<kw name="close session" library="utilsApp" type="TEARDOWN">
<kw name="Close Browser" library="SeleniumLibrary">
<doc>Closes the current browser.</doc>
<status status="PASS" starttime="20230826 16:47:35.087" endtime="20230826 16:47:37.747"/>
</kw>
<status status="PASS" starttime="20230826 16:47:35.087" endtime="20230826 16:47:37.747"/>
</kw>
<status status="FAIL" starttime="20230826 16:47:25.017" endtime="20230826 16:47:37.748">InvalidSelectorException: Message: invalid selector: An invalid or illegal selector was specified
  (Session info: chrome=116.0.5845.111); For documentation on this error, please visit: https://www.selenium.dev/documentation/webdriver/troubleshooting/errors#invalid-selector-exception
Stacktrace:
	GetHandleVerifier [0x00007FF755E552A2+57122]
	(No symbol) [0x00007FF755DCEA92]
	(No symbol) [0x00007FF755C9E3AB]
	(No symbol) [0x00007FF755CA2382]
	(No symbol) [0x00007FF755CA3D2F]
	(No symbol) [0x00007FF755CA3E20]
	(No symbol) [0x00007FF755CD79B1]
	(No symbol) [0x00007FF755CD7E2C]
	(No symbol) [0x00007FF755D10B97]
	(No symbol) [0x00007FF755CF701F]
	(No symbol) [0x00007FF755D0EB82]
	(No symbol) [0x00007FF755CF6DB3]
	(No symbol) [0x00007FF755CCD2B1]
	(No symbol) [0x00007FF755CCE494]
	GetHandleVerifier [0x00007FF7560FEF82+2849794]
	GetHandleVerifier [0x00007FF756151D24+3189156]
	GetHandleVerifier [0x00007FF75614ACAF+3160367]
	GetHandleVerifier [0x00007FF755EE6D06+653702]
	(No symbol) [0x00007FF755DDA208]
	(No symbol) [0x00007FF755DD62C4]
	(No symbol) [0x00007FF755DD63F6]
	(No symbol) [0x00007FF755DC67A3]
	BaseThreadInitThunk [0x00007FFAD41D7614+20]
	RtlUserThreadStart [0x00007FFAD5EE26B1+33]
</status>
</test>
<status status="FAIL" starttime="20230826 16:47:24.519" endtime="20230826 16:47:37.751"/>
</suite>
<statistics>
<total>
<stat pass="0" fail="1" skip="0">All Tests</stat>
</total>
<tag>
</tag>
<suite>
<stat pass="0" fail="1" skip="0" id="s1" name="caseStudyTest">caseStudyTest</stat>
</suite>
</statistics>
<errors>
</errors>
</robot>
