<?xml version="1.0" encoding="UTF-8"?>
<robot generator="Robot 6.1.1 (Python 3.11.5 on win32)" generated="20230826 16:48:44.173" rpa="false" schemaversion="4">
<suite id="s1" name="caseStudyTest" source="C:\Users\malik\PycharmProjects\QA_Case_Study\Tests\caseStudyTest.robot">
<test id="s1-t1" name="verify the same destinations can selected" line="9">
<kw name="create session" library="utilsApp" type="SETUP">
<kw name="Set Selenium Speed" library="SeleniumLibrary">
<arg>0.5 seconds</arg>
<doc>Sets the delay that is waited after each Selenium command.</doc>
<status status="PASS" starttime="20230826 16:48:44.645" endtime="20230826 16:48:44.645"/>
</kw>
<kw name="Open Browser" library="SeleniumLibrary">
<arg>about:blank</arg>
<arg>chrome</arg>
<doc>Opens a new browser instance to the optional ``url``.</doc>
<msg timestamp="20230826 16:48:44.646" level="INFO">Opening browser 'chrome' to base url 'about:blank'.</msg>
<status status="PASS" starttime="20230826 16:48:44.645" endtime="20230826 16:48:49.219"/>
</kw>
<kw name="Maximize Browser Window" library="SeleniumLibrary">
<doc>Maximizes current browser window.</doc>
<status status="PASS" starttime="20230826 16:48:49.219" endtime="20230826 16:48:49.837"/>
</kw>
<status status="PASS" starttime="20230826 16:48:44.643" endtime="20230826 16:48:49.837"/>
</kw>
<kw name="go to the homepage" library="caseStudyApp">
<kw name="go to the homepage" library="caseStudy">
<kw name="Go To" library="SeleniumLibrary">
<arg>${HOMEPAGE}</arg>
<doc>Navigates the current browser window to the provided ``url``.</doc>
<msg timestamp="20230826 16:48:49.838" level="INFO">Opening url 'https://flights-app.pages.dev/'</msg>
<status status="PASS" starttime="20230826 16:48:49.838" endtime="20230826 16:48:51.487"/>
</kw>
<status status="PASS" starttime="20230826 16:48:49.838" endtime="20230826 16:48:51.487"/>
</kw>
<kw name="check the homepage loads" library="caseStudy">
<kw name="compare" library="utils">
<arg>css=main &gt; p:nth-of-type(2)</arg>
<kw name="Wait Until Page Contains Element" library="SeleniumLibrary">
<arg>${SELECTOR}</arg>
<doc>Waits until the element ``locator`` appears on the current page.</doc>
<status status="PASS" starttime="20230826 16:48:51.487" endtime="20230826 16:48:52.009"/>
</kw>
<kw name="Get Text" library="SeleniumLibrary">
<var>${SELECTORTEXT}</var>
<arg>${SELECTOR}</arg>
<doc>Returns the text value of the element identified by ``locator``.</doc>
<msg timestamp="20230826 16:48:53.049" level="INFO">${SELECTORTEXT} = “From: Istanbul”, “To: Los Angeles” seçtiğinde iki adet uçuş listelendiğini görmelisin.</msg>
<status status="PASS" starttime="20230826 16:48:52.009" endtime="20230826 16:48:53.049"/>
</kw>
<kw name="Element Should Contain" library="SeleniumLibrary">
<arg>${SELECTOR}</arg>
<arg>${SELECTORTEXT}</arg>
<doc>Verifies that element ``locator`` contains text ``expected``.</doc>
<msg timestamp="20230826 16:48:54.074" level="INFO">Element 'css=main &gt; p:nth-of-type(2)' contains text '“From: Istanbul”, “To: Los Angeles” seçtiğinde iki adet uçuş listelendiğini görmelisin.'.</msg>
<status status="PASS" starttime="20230826 16:48:53.049" endtime="20230826 16:48:54.074"/>
</kw>
<status status="PASS" starttime="20230826 16:48:51.487" endtime="20230826 16:48:54.074"/>
</kw>
<status status="PASS" starttime="20230826 16:48:51.487" endtime="20230826 16:48:54.074"/>
</kw>
<status status="PASS" starttime="20230826 16:48:49.837" endtime="20230826 16:48:54.074"/>
</kw>
<kw name="select first destination as from" library="caseStudyApp">
<kw name="click from input" library="caseStudy">
<kw name="click" library="utils">
<arg>css=[class='max-w-5xl w-full gap-10 justify-center items-center text-sm lg\:flex'] div:nth-child(1) [role]</arg>
<kw name="Wait Until Page Contains Element" library="SeleniumLibrary">
<arg>${SELECTOR}</arg>
<arg>${TIMEOUT}</arg>
<doc>Waits until the element ``locator`` appears on the current page.</doc>
<status status="PASS" starttime="20230826 16:48:54.076" endtime="20230826 16:48:54.594"/>
</kw>
<kw name="Click Element" library="SeleniumLibrary">
<arg>${SELECTOR}</arg>
<doc>Click the element identified by ``locator``.</doc>
<msg timestamp="20230826 16:48:54.594" level="INFO">Clicking element 'css=[class='max-w-5xl w-full gap-10 justify-center items-center text-sm lg:flex'] div:nth-child(1) [role]'.</msg>
<status status="PASS" starttime="20230826 16:48:54.594" endtime="20230826 16:48:55.671"/>
</kw>
<status status="PASS" starttime="20230826 16:48:54.075" endtime="20230826 16:48:55.671"/>
</kw>
<status status="PASS" starttime="20230826 16:48:54.075" endtime="20230826 16:48:55.671"/>
</kw>
<kw name="click first from destination" library="caseStudy">
<kw name="click" library="utils">
<arg>css=li:nth-of-type(1) &gt; .flex</arg>
<kw name="Wait Until Page Contains Element" library="SeleniumLibrary">
<arg>${SELECTOR}</arg>
<arg>${TIMEOUT}</arg>
<doc>Waits until the element ``locator`` appears on the current page.</doc>
<msg timestamp="20230826 16:49:08.503" level="WARN">Keyword 'Capture Page Screenshot' could not be run on failure: Message: no such window: target window already closed
from unknown error: web view not found
  (Session info: chrome=116.0.5845.111)
Stacktrace:
	GetHandleVerifier [0x00007FF755E552A2+57122]
	(No symbol) [0x00007FF755DCEA92]
	(No symbol) [0x00007FF755C9E3AB]
	(No symbol) [0x00007FF755C7E1B9]
	(No symbol) [0x00007FF755CFB417]
	(No symbol) [0x00007FF755D0E24F]
	(No symbol) [0x00007FF755CF6DB3]
	(No symbol) [0x00007FF755CCD2B1]
	(No symbol) [0x00007FF755CCE494]
	GetHandleVerifier [0x00007FF7560FEF82+2849794]
	GetHandleVerifier [0x00007FF756151D24+3189156]
	GetHandleVerifier [0x00007FF75614ACAF+3160367]
	GetHandleVerifier [0x00007FF755EE6D06+653702]
	(No symbol) [0x00007FF755DDA208]
	(No symbol) [0x00007FF755DD62C4]
	(No symbol) [0x00007FF755DD63F6]
	(No symbol) [0x00007FF755DC67A3]
	BaseThreadInitThunk [0x00007FFAD41D7614+20]
	RtlUserThreadStart [0x00007FFAD5EE26B1+33]
</msg>
<msg timestamp="20230826 16:49:08.507" level="FAIL">NoSuchWindowException: Message: no such window: target window already closed
from unknown error: web view not found
  (Session info: chrome=116.0.5845.111)
Stacktrace:
	GetHandleVerifier [0x00007FF755E552A2+57122]
	(No symbol) [0x00007FF755DCEA92]
	(No symbol) [0x00007FF755C9E3AB]
	(No symbol) [0x00007FF755C7E1B9]
	(No symbol) [0x00007FF755CFB417]
	(No symbol) [0x00007FF755D0E24F]
	(No symbol) [0x00007FF755CF6DB3]
	(No symbol) [0x00007FF755CCD2B1]
	(No symbol) [0x00007FF755CCE494]
	GetHandleVerifier [0x00007FF7560FEF82+2849794]
	GetHandleVerifier [0x00007FF756151D24+3189156]
	GetHandleVerifier [0x00007FF75614ACAF+3160367]
	GetHandleVerifier [0x00007FF755EE6D06+653702]
	(No symbol) [0x00007FF755DDA208]
	(No symbol) [0x00007FF755DD62C4]
	(No symbol) [0x00007FF755DD63F6]
	(No symbol) [0x00007FF755DC67A3]
	BaseThreadInitThunk [0x00007FFAD41D7614+20]
	RtlUserThreadStart [0x00007FFAD5EE26B1+33]
</msg>
<status status="FAIL" starttime="20230826 16:48:55.671" endtime="20230826 16:49:08.516"/>
</kw>
<kw name="Click Element" library="SeleniumLibrary">
<arg>${SELECTOR}</arg>
<doc>Click the element identified by ``locator``.</doc>
<status status="NOT RUN" starttime="20230826 16:49:08.516" endtime="20230826 16:49:08.516"/>
</kw>
<status status="FAIL" starttime="20230826 16:48:55.671" endtime="20230826 16:49:08.516"/>
</kw>
<status status="FAIL" starttime="20230826 16:48:55.671" endtime="20230826 16:49:08.516"/>
</kw>
<status status="FAIL" starttime="20230826 16:48:54.075" endtime="20230826 16:49:08.516"/>
</kw>
<kw name="select first destination as to" library="caseStudyApp">
<status status="NOT RUN" starttime="20230826 16:49:08.517" endtime="20230826 16:49:08.517"/>
</kw>
<kw name="close session" library="utilsApp" type="TEARDOWN">
<kw name="Close Browser" library="SeleniumLibrary">
<doc>Closes the current browser.</doc>
<status status="PASS" starttime="20230826 16:49:08.517" endtime="20230826 16:49:11.026"/>
</kw>
<status status="PASS" starttime="20230826 16:49:08.517" endtime="20230826 16:49:11.026"/>
</kw>
<status status="FAIL" starttime="20230826 16:48:44.643" endtime="20230826 16:49:11.026">NoSuchWindowException: Message: no such window: target window already closed
from unknown error: web view not found
  (Session info: chrome=116.0.5845.111)
Stacktrace:
	GetHandleVerifier [0x00007FF755E552A2+57122]
	(No symbol) [0x00007FF755DCEA92]
	(No symbol) [0x00007FF755C9E3AB]
	(No symbol) [0x00007FF755C7E1B9]
	(No symbol) [0x00007FF755CFB417]
	(No symbol) [0x00007FF755D0E24F]
	(No symbol) [0x00007FF755CF6DB3]
	(No symbol) [0x00007FF755CCD2B1]
	(No symbol) [0x00007FF755CCE494]
	GetHandleVerifier [0x00007FF7560FEF82+2849794]
	GetHandleVerifier [0x00007FF756151D24+3189156]
	GetHandleVerifier [0x00007FF75614ACAF+3160367]
	GetHandleVerifier [0x00007FF755EE6D06+653702]
	(No symbol) [0x00007FF755DDA208]
	(No symbol) [0x00007FF755DD62C4]
	(No symbol) [0x00007FF755DD63F6]
	(No symbol) [0x00007FF755DC67A3]
	BaseThreadInitThunk [0x00007FFAD41D7614+20]
	RtlUserThreadStart [0x00007FFAD5EE26B1+33]
</status>
</test>
<status status="FAIL" starttime="20230826 16:48:44.180" endtime="20230826 16:49:11.031"/>
</suite>
<statistics>
<total>
<stat pass="0" fail="1" skip="0">All Tests</stat>
</total>
<tag>
</tag>
<suite>
<stat pass="0" fail="1" skip="0" id="s1" name="caseStudyTest">caseStudyTest</stat>
</suite>
</statistics>
<errors>
<msg timestamp="20230826 16:49:08.503" level="WARN">Keyword 'Capture Page Screenshot' could not be run on failure: Message: no such window: target window already closed
from unknown error: web view not found
  (Session info: chrome=116.0.5845.111)
Stacktrace:
	GetHandleVerifier [0x00007FF755E552A2+57122]
	(No symbol) [0x00007FF755DCEA92]
	(No symbol) [0x00007FF755C9E3AB]
	(No symbol) [0x00007FF755C7E1B9]
	(No symbol) [0x00007FF755CFB417]
	(No symbol) [0x00007FF755D0E24F]
	(No symbol) [0x00007FF755CF6DB3]
	(No symbol) [0x00007FF755CCD2B1]
	(No symbol) [0x00007FF755CCE494]
	GetHandleVerifier [0x00007FF7560FEF82+2849794]
	GetHandleVerifier [0x00007FF756151D24+3189156]
	GetHandleVerifier [0x00007FF75614ACAF+3160367]
	GetHandleVerifier [0x00007FF755EE6D06+653702]
	(No symbol) [0x00007FF755DDA208]
	(No symbol) [0x00007FF755DD62C4]
	(No symbol) [0x00007FF755DD63F6]
	(No symbol) [0x00007FF755DC67A3]
	BaseThreadInitThunk [0x00007FFAD41D7614+20]
	RtlUserThreadStart [0x00007FFAD5EE26B1+33]
</msg>
</errors>
</robot>
